android/build/intermediates/manifest_merge_blame_file/debug/manifest-merger-blame-debug-report.txt
1<?xml version="1.0" encoding="utf-8"?>
2<manifest xmlns:android="http://schemas.android.com/apk/res/android"
3    package="com.kompani.snek"
4    android:versionCode="1"
5    android:versionName="1.0" >
6
7    <uses-sdk
8        android:minSdkVersion="19"
8-->Snek\android\AndroidManifest.xml
9        android:targetSdkVersion="29" />
9-->Snek\android\AndroidManifest.xml
10
11    <application
11-->Snek\android\AndroidManifest.xml:4:5-21:19
12        android:name="android.support.multidex.MultiDexApplication"
13        android:allowBackup="true"
13-->Snek\android\AndroidManifest.xml:5:13-39
14        android:appCategory="game"
14-->Snek\android\AndroidManifest.xml:8:13-39
15        android:debuggable="true"
16        android:icon="@drawable/ic_launcher"
16-->Snek\android\AndroidManifest.xml:6:13-49
17        android:isGame="true"
17-->Snek\android\AndroidManifest.xml:7:13-34
18        android:label="@string/app_name"
18-->Snek\android\AndroidManifest.xml:9:13-45
19        android:testOnly="true"
20        android:theme="@style/GdxTheme" >
20-->Snek\android\AndroidManifest.xml:10:13-44
21        <activity
21-->Snek\android\AndroidManifest.xml:11:9-20:20
22            android:name="com.kompani.snek.android.AndroidLauncher"
22-->Snek\android\AndroidManifest.xml:12:17-72
23            android:configChanges="keyboard|keyboardHidden|navigation|orientation|screenSize|screenLayout"
23-->Snek\android\AndroidManifest.xml:15:17-111
24            android:label="@string/app_name"
24-->Snek\android\AndroidManifest.xml:13:17-49
25            android:screenOrientation="portrait" >
25-->Snek\android\AndroidManifest.xml:14:17-53
26            <intent-filter>
26-->Snek\android\AndroidManifest.xml:16:13-19:29
27                <action android:name="android.intent.action.MAIN" />
27-->Snek\android\AndroidManifest.xml:17:17-68
27-->Snek\android\AndroidManifest.xml:17:25-66
28
29                <category android:name="android.intent.category.LAUNCHER" />
29-->Snek\android\AndroidManifest.xml:18:17-76
29-->Snek\android\AndroidManifest.xml:18:27-74
30            </intent-filter>
31        </activity>
32    </application>
33
34</manifest>